<?xml version="1.0" encoding="UTF-8"?>
<testng-results skipped="0" failed="0" total="1" passed="1">
  <reporter-output>
  </reporter-output>
  <suite name="Default suite" duration-ms="2140" started-at="2013-04-08T06:38:16Z" finished-at="2013-04-08T06:38:18Z">
    <groups>
    </groups>
    <test name="Default test" duration-ms="2140" started-at="2013-04-08T06:38:16Z" finished-at="2013-04-08T06:38:18Z">
      <class name="com.saba.report.TestPdf">
        <test-method status="PASS" signature="testPdfCreation()[pri:0, instance:com.saba.report.TestPdf@1175422]" name="testPdfCreation" duration-ms="2114" started-at="2013-04-08T12:08:16Z" finished-at="2013-04-08T12:08:18Z">
          <reporter-output>
          </reporter-output>
        </test-method> <!-- testPdfCreation -->
      </class> <!-- com.saba.report.TestPdf -->
    </test> <!-- Default test -->
  </suite> <!-- Default suite -->
</testng-results>
